{"/home/leonardo/Desktop/driven/Arquitetura/sing-me-a-song/back-end/src/app.ts": {"path":"/home/leonardo/Desktop/driven/Arquitetura/sing-me-a-song/back-end/src/app.ts","statementMap":{"0":{"start":{"line":1,"column":0},"end":{"line":1,"column":24}},"1":{"start":{"line":2,"column":0},"end":{"line":2,"column":30}},"2":{"start":{"line":3,"column":0},"end":{"line":3,"column":30}},"3":{"start":{"line":4,"column":0},"end":{"line":4,"column":81}},"4":{"start":{"line":5,"column":0},"end":{"line":5,"column":69}},"5":{"start":{"line":7,"column":12},"end":{"line":7,"column":21}},"6":{"start":{"line":8,"column":0},"end":{"line":8,"column":16}},"7":{"start":{"line":9,"column":0},"end":{"line":9,"column":24}},"8":{"start":{"line":11,"column":0},"end":{"line":11,"column":50}},"9":{"start":{"line":12,"column":0},"end":{"line":12,"column":32}},"10":{"start":{"line":14,"column":0},"end":{"line":14,"column":19}}},"fnMap":{},"branchMap":{},"s":{"0":1,"1":1,"2":1,"3":1,"4":1,"5":1,"6":1,"7":1,"8":1,"9":1,"10":1},"f":{},"b":{}}
,"/home/leonardo/Desktop/driven/Arquitetura/sing-me-a-song/back-end/src/database.ts": {"path":"/home/leonardo/Desktop/driven/Arquitetura/sing-me-a-song/back-end/src/database.ts","statementMap":{"0":{"start":{"line":1,"column":0},"end":{"line":1,"column":44}},"1":{"start":{"line":5,"column":15},"end":{"line":5,"column":33}},"2":{"start":{"line":7,"column":0},"end":{"line":7,"column":22}}},"fnMap":{},"branchMap":{},"s":{"0":1,"1":1,"2":1},"f":{},"b":{}}
,"/home/leonardo/Desktop/driven/Arquitetura/sing-me-a-song/back-end/src/controllers/recommendationController.ts": {"path":"/home/leonardo/Desktop/driven/Arquitetura/sing-me-a-song/back-end/src/controllers/recommendationController.ts","statementMap":{"0":{"start":{"line":2,"column":0},"end":{"line":2,"column":76}},"1":{"start":{"line":3,"column":0},"end":{"line":3,"column":78}},"2":{"start":{"line":4,"column":0},"end":{"line":4,"column":58}},"3":{"start":{"line":7,"column":21},"end":{"line":7,"column":60}},"4":{"start":{"line":8,"column":2},"end":{"line":10,"column":null}},"5":{"start":{"line":9,"column":4},"end":{"line":9,"column":29}},"6":{"start":{"line":12,"column":26},"end":{"line":12,"column":70}},"7":{"start":{"line":14,"column":2},"end":{"line":14,"column":39}},"8":{"start":{"line":18,"column":17},"end":{"line":18,"column":27}},"9":{"start":{"line":20,"column":2},"end":{"line":20,"column":42}},"10":{"start":{"line":22,"column":2},"end":{"line":22,"column":22}},"11":{"start":{"line":26,"column":17},"end":{"line":26,"column":27}},"12":{"start":{"line":28,"column":2},"end":{"line":28,"column":44}},"13":{"start":{"line":30,"column":2},"end":{"line":30,"column":22}},"14":{"start":{"line":34,"column":31},"end":{"line":34,"column":70}},"15":{"start":{"line":36,"column":2},"end":{"line":36,"column":33}},"16":{"start":{"line":40,"column":26},"end":{"line":40,"column":59}},"17":{"start":{"line":41,"column":2},"end":{"line":41,"column":40}},"18":{"start":{"line":45,"column":21},"end":{"line":45,"column":31}},"19":{"start":{"line":47,"column":26},"end":{"line":47,"column":69}},"20":{"start":{"line":48,"column":2},"end":{"line":48,"column":28}},"21":{"start":{"line":52,"column":17},"end":{"line":52,"column":27}},"22":{"start":{"line":54,"column":25},"end":{"line":54,"column":65}},"23":{"start":{"line":55,"column":2},"end":{"line":55,"column":27}},"24":{"start":{"line":58,"column":13},"end":{"line":66,"column":2}}},"fnMap":{"0":{"name":"insert","decl":{"start":{"line":6,"column":15},"end":{"line":6,"column":21}},"loc":{"start":{"line":6,"column":49},"end":{"line":15,"column":null}}},"1":{"name":"upvote","decl":{"start":{"line":17,"column":15},"end":{"line":17,"column":21}},"loc":{"start":{"line":17,"column":49},"end":{"line":23,"column":null}}},"2":{"name":"downvote","decl":{"start":{"line":25,"column":15},"end":{"line":25,"column":23}},"loc":{"start":{"line":25,"column":51},"end":{"line":31,"column":null}}},"3":{"name":"random","decl":{"start":{"line":33,"column":15},"end":{"line":33,"column":21}},"loc":{"start":{"line":33,"column":49},"end":{"line":37,"column":null}}},"4":{"name":"get","decl":{"start":{"line":39,"column":15},"end":{"line":39,"column":18}},"loc":{"start":{"line":39,"column":46},"end":{"line":42,"column":null}}},"5":{"name":"getTop","decl":{"start":{"line":44,"column":15},"end":{"line":44,"column":21}},"loc":{"start":{"line":44,"column":49},"end":{"line":49,"column":null}}},"6":{"name":"getById","decl":{"start":{"line":51,"column":15},"end":{"line":51,"column":22}},"loc":{"start":{"line":51,"column":50},"end":{"line":56,"column":null}}}},"branchMap":{"0":{"loc":{"start":{"line":8,"column":2},"end":{"line":10,"column":null}},"type":"if","locations":[{"start":{"line":8,"column":2},"end":{"line":10,"column":null}}]}},"s":{"0":1,"1":1,"2":1,"3":18,"4":18,"5":0,"6":18,"7":17,"8":1,"9":1,"10":1,"11":2,"12":2,"13":1,"14":2,"15":1,"16":1,"17":1,"18":1,"19":1,"20":1,"21":2,"22":2,"23":1,"24":1},"f":{"0":18,"1":1,"2":2,"3":2,"4":1,"5":1,"6":2},"b":{"0":[0]}}
,"/home/leonardo/Desktop/driven/Arquitetura/sing-me-a-song/back-end/src/middlewares/errorHandlerMiddleware.ts": {"path":"/home/leonardo/Desktop/driven/Arquitetura/sing-me-a-song/back-end/src/middlewares/errorHandlerMiddleware.ts","statementMap":{"0":{"start":{"line":2,"column":0},"end":{"line":2,"column":null}},"1":{"start":{"line":14,"column":2},"end":{"line":14,"column":19}},"2":{"start":{"line":16,"column":2},"end":{"line":18,"column":null}},"3":{"start":{"line":17,"column":4},"end":{"line":17,"column":73}},"4":{"start":{"line":20,"column":2},"end":{"line":20,"column":29}},"5":{"start":{"line":8,"column":0},"end":{"line":8,"column":16}}},"fnMap":{"0":{"name":"errorHandlerMiddleware","decl":{"start":{"line":8,"column":16},"end":{"line":8,"column":38}},"loc":{"start":{"line":12,"column":20},"end":{"line":21,"column":1}}}},"branchMap":{"0":{"loc":{"start":{"line":16,"column":2},"end":{"line":18,"column":null}},"type":"if","locations":[{"start":{"line":16,"column":2},"end":{"line":18,"column":null}}]}},"s":{"0":1,"1":4,"2":4,"3":4,"4":0,"5":1},"f":{"0":4},"b":{"0":[4]}}
,"/home/leonardo/Desktop/driven/Arquitetura/sing-me-a-song/back-end/src/routers/recommendationRouter.ts": {"path":"/home/leonardo/Desktop/driven/Arquitetura/sing-me-a-song/back-end/src/routers/recommendationRouter.ts","statementMap":{"0":{"start":{"line":1,"column":0},"end":{"line":1,"column":33}},"1":{"start":{"line":2,"column":0},"end":{"line":2,"column":86}},"2":{"start":{"line":4,"column":29},"end":{"line":4,"column":37}},"3":{"start":{"line":6,"column":0},"end":{"line":6,"column":64}},"4":{"start":{"line":7,"column":0},"end":{"line":7,"column":60}},"5":{"start":{"line":8,"column":0},"end":{"line":8,"column":69}},"6":{"start":{"line":9,"column":0},"end":{"line":9,"column":74}},"7":{"start":{"line":10,"column":0},"end":{"line":10,"column":67}},"8":{"start":{"line":11,"column":0},"end":{"line":11,"column":74}},"9":{"start":{"line":12,"column":0},"end":{"line":12,"column":78}},"10":{"start":{"line":14,"column":0},"end":{"line":14,"column":36}}},"fnMap":{},"branchMap":{},"s":{"0":1,"1":1,"2":1,"3":1,"4":1,"5":1,"6":1,"7":1,"8":1,"9":1,"10":1},"f":{},"b":{}}
,"/home/leonardo/Desktop/driven/Arquitetura/sing-me-a-song/back-end/src/schemas/recommendationsSchemas.ts": {"path":"/home/leonardo/Desktop/driven/Arquitetura/sing-me-a-song/back-end/src/schemas/recommendationsSchemas.ts","statementMap":{"0":{"start":{"line":1,"column":0},"end":{"line":1,"column":22}},"1":{"start":{"line":4,"column":25},"end":{"line":4,"column":78}},"2":{"start":{"line":6,"column":13},"end":{"line":9,"column":3}}},"fnMap":{},"branchMap":{},"s":{"0":1,"1":1,"2":1},"f":{},"b":{}}
,"/home/leonardo/Desktop/driven/Arquitetura/sing-me-a-song/back-end/src/services/recommendationsService.ts": {"path":"/home/leonardo/Desktop/driven/Arquitetura/sing-me-a-song/back-end/src/services/recommendationsService.ts","statementMap":{"0":{"start":{"line":2,"column":0},"end":{"line":2,"column":87}},"1":{"start":{"line":3,"column":0},"end":{"line":3,"column":70}},"2":{"start":{"line":8,"column":33},"end":{"line":9,"column":null}},"3":{"start":{"line":11,"column":2},"end":{"line":12,"column":64}},"4":{"start":{"line":12,"column":4},"end":{"line":12,"column":64}},"5":{"start":{"line":14,"column":2},"end":{"line":14,"column":66}},"6":{"start":{"line":15,"column":25},"end":{"line":15,"column":97}},"7":{"start":{"line":16,"column":2},"end":{"line":16,"column":24}},"8":{"start":{"line":23,"column":2},"end":{"line":23,"column":26}},"9":{"start":{"line":25,"column":2},"end":{"line":25,"column":62}},"10":{"start":{"line":29,"column":2},"end":{"line":29,"column":26}},"11":{"start":{"line":31,"column":32},"end":{"line":33,"column":null}},"12":{"start":{"line":36,"column":2},"end":{"line":38,"column":null}},"13":{"start":{"line":37,"column":4},"end":{"line":37,"column":46}},"14":{"start":{"line":42,"column":25},"end":{"line":42,"column":64}},"15":{"start":{"line":43,"column":2},"end":{"line":43,"column":45}},"16":{"start":{"line":43,"column":23},"end":{"line":43,"column":45}},"17":{"start":{"line":45,"column":2},"end":{"line":45,"column":24}},"18":{"start":{"line":49,"column":2},"end":{"line":49,"column":44}},"19":{"start":{"line":53,"column":2},"end":{"line":53,"column":59}},"20":{"start":{"line":60,"column":17},"end":{"line":60,"column":30}},"21":{"start":{"line":61,"column":22},"end":{"line":61,"column":44}},"22":{"start":{"line":63,"column":26},"end":{"line":63,"column":55}},"23":{"start":{"line":64,"column":2},"end":{"line":66,"column":null}},"24":{"start":{"line":65,"column":4},"end":{"line":65,"column":26}},"25":{"start":{"line":68,"column":22},"end":{"line":68,"column":72}},"26":{"start":{"line":69,"column":2},"end":{"line":69,"column":38}},"27":{"start":{"line":77,"column":26},"end":{"line":80,"column":4}},"28":{"start":{"line":82,"column":2},"end":{"line":84,"column":null}},"29":{"start":{"line":83,"column":4},"end":{"line":83,"column":27}},"30":{"start":{"line":86,"column":2},"end":{"line":86,"column":44}},"31":{"start":{"line":90,"column":2},"end":{"line":92,"column":null}},"32":{"start":{"line":91,"column":4},"end":{"line":91,"column":16}},"33":{"start":{"line":94,"column":2},"end":{"line":94,"column":15}},"34":{"start":{"line":97,"column":13},"end":{"line":105,"column":2}}},"fnMap":{"0":{"name":"insert","decl":{"start":{"line":7,"column":15},"end":{"line":7,"column":21}},"loc":{"start":{"line":7,"column":72},"end":{"line":17,"column":null}}},"1":{"name":"upvote","decl":{"start":{"line":22,"column":15},"end":{"line":22,"column":21}},"loc":{"start":{"line":22,"column":32},"end":{"line":26,"column":null}}},"2":{"name":"downvote","decl":{"start":{"line":28,"column":15},"end":{"line":28,"column":23}},"loc":{"start":{"line":28,"column":34},"end":{"line":39,"column":null}}},"3":{"name":"getByIdOrFail","decl":{"start":{"line":41,"column":15},"end":{"line":41,"column":28}},"loc":{"start":{"line":41,"column":39},"end":{"line":46,"column":null}}},"4":{"name":"get","decl":{"start":{"line":48,"column":15},"end":{"line":48,"column":18}},"loc":{"start":{"line":48,"column":18},"end":{"line":50,"column":null}}},"5":{"name":"getTop","decl":{"start":{"line":52,"column":15},"end":{"line":52,"column":21}},"loc":{"start":{"line":52,"column":36},"end":{"line":54,"column":null}}},"6":{"name":"getRandom","decl":{"start":{"line":59,"column":15},"end":{"line":59,"column":24}},"loc":{"start":{"line":59,"column":24},"end":{"line":70,"column":null}}},"7":{"name":"getByScore","decl":{"start":{"line":76,"column":15},"end":{"line":76,"column":25}},"loc":{"start":{"line":76,"column":51},"end":{"line":87,"column":null}}},"8":{"name":"getScoreFilter","decl":{"start":{"line":89,"column":9},"end":{"line":89,"column":23}},"loc":{"start":{"line":89,"column":38},"end":{"line":95,"column":1}}}},"branchMap":{"0":{"loc":{"start":{"line":11,"column":2},"end":{"line":12,"column":64}},"type":"if","locations":[{"start":{"line":11,"column":2},"end":{"line":12,"column":64}}]},"1":{"loc":{"start":{"line":36,"column":2},"end":{"line":38,"column":null}},"type":"if","locations":[{"start":{"line":36,"column":2},"end":{"line":38,"column":null}}]},"2":{"loc":{"start":{"line":43,"column":2},"end":{"line":43,"column":45}},"type":"if","locations":[{"start":{"line":43,"column":2},"end":{"line":43,"column":45}}]},"3":{"loc":{"start":{"line":64,"column":2},"end":{"line":66,"column":null}},"type":"if","locations":[{"start":{"line":64,"column":2},"end":{"line":66,"column":null}}]},"4":{"loc":{"start":{"line":82,"column":2},"end":{"line":84,"column":null}},"type":"if","locations":[{"start":{"line":82,"column":2},"end":{"line":84,"column":null}}]},"5":{"loc":{"start":{"line":90,"column":2},"end":{"line":92,"column":null}},"type":"if","locations":[{"start":{"line":90,"column":2},"end":{"line":92,"column":null}}]}},"s":{"0":1,"1":1,"2":18,"3":18,"4":1,"5":17,"6":17,"7":17,"8":1,"9":1,"10":2,"11":1,"12":1,"13":0,"14":5,"15":5,"16":2,"17":3,"18":1,"19":1,"20":2,"21":2,"22":2,"23":2,"24":1,"25":1,"26":1,"27":2,"28":2,"29":0,"30":2,"31":2,"32":1,"33":1,"34":1},"f":{"0":18,"1":1,"2":2,"3":5,"4":1,"5":1,"6":2,"7":2,"8":2},"b":{"0":[1],"1":[0],"2":[2],"3":[1],"4":[0],"5":[1]}}
}
